Simulation Output:
Connection Chance: 0.249608
0.000 0.005 0.105 0.261 0.276 0.268 0.273 0.271 0.271 0.271 0.264 0.270 0.273 0.267 0.269 0.269 0.265 0.272 0.271 0.257 0.269 0.269 0.099 0.007 0.000 
0.006 0.217 0.260 0.257 0.263 0.270 0.281 0.281 0.243 0.270 0.263 0.262 0.255 0.273 0.271 0.274 0.269 0.270 0.277 0.271 0.252 0.277 0.260 0.215 0.006 
0.101 0.269 0.263 0.263 0.271 0.271 0.270 0.279 0.279 0.269 0.263 0.276 0.281 0.282 0.293 0.269 0.287 0.266 0.261 0.275 0.267 0.274 0.274 0.270 0.116 
0.271 0.262 0.269 0.281 0.281 0.255 0.267 0.262 0.250 0.265 0.291 0.275 0.276 0.273 0.254 0.274 0.284 0.280 0.264 0.290 0.272 0.268 0.266 0.283 0.266 
0.272 0.267 0.272 0.268 0.284 0.271 0.275 0.260 0.251 0.273 0.267 0.273 0.255 0.257 0.270 0.262 0.273 0.262 0.260 0.261 0.275 0.274 0.281 0.290 0.261 
0.279 0.264 0.279 0.261 0.259 0.257 0.283 0.266 0.281 0.269 0.276 0.274 0.248 0.280 0.271 0.274 0.275 0.283 0.250 0.257 0.273 0.251 0.269 0.262 0.287 
0.272 0.280 0.264 0.282 0.275 0.284 0.285 0.272 0.268 0.271 0.275 0.278 0.272 0.291 0.265 0.255 0.277 0.261 0.281 0.270 0.259 0.267 0.269 0.276 0.274 
0.269 0.275 0.282 0.280 0.259 0.275 0.275 0.266 0.270 0.275 0.270 0.290 0.276 0.271 0.264 0.261 0.258 0.273 0.257 0.268 0.286 0.291 0.262 0.276 0.267 
0.265 0.288 0.262 0.275 0.272 0.272 0.272 0.261 0.269 0.274 0.264 0.281 0.260 0.256 0.264 0.286 0.276 0.270 0.263 0.280 0.270 0.262 0.265 0.259 0.280 
0.266 0.275 0.259 0.285 0.275 0.269 0.266 0.271 0.273 0.270 0.272 0.268 0.263 0.271 0.268 0.256 0.276 0.258 0.258 0.272 0.275 0.263 0.271 0.281 0.272 
0.267 0.267 0.267 0.292 0.266 0.263 0.259 0.279 0.261 0.259 0.275 0.262 0.273 0.283 0.271 0.277 0.262 0.279 0.277 0.262 0.273 0.274 0.268 0.244 0.268 
0.273 0.263 0.264 0.256 0.261 0.270 0.263 0.263 0.277 0.278 0.267 0.270 0.278 0.275 0.272 0.270 0.280 0.264 0.259 0.270 0.266 0.264 0.272 0.276 0.259 
0.278 0.266 0.282 0.254 0.274 0.273 0.284 0.267 0.282 0.270 0.264 0.268 0.272 0.268 0.274 0.278 0.288 0.278 0.282 0.257 0.264 0.270 0.264 0.271 0.261 
0.263 0.249 0.279 0.271 0.283 0.267 0.276 0.272 0.282 0.272 0.270 0.272 0.272 0.275 0.255 0.262 0.270 0.276 0.268 0.269 0.253 0.288 0.290 0.271 0.265 
0.268 0.280 0.264 0.277 0.263 0.275 0.277 0.266 0.253 0.260 0.286 0.273 0.263 0.274 0.271 0.275 0.275 0.284 0.280 0.265 0.262 0.278 0.273 0.241 0.275 
0.269 0.270 0.269 0.283 0.284 0.272 0.264 0.265 0.273 0.278 0.252 0.270 0.271 0.275 0.268 0.275 0.265 0.275 0.274 0.279 0.280 0.272 0.267 0.278 0.278 
0.276 0.256 0.268 0.279 0.275 0.276 0.273 0.286 0.259 0.286 0.271 0.275 0.279 0.266 0.265 0.257 0.259 0.263 0.260 0.263 0.283 0.265 0.256 0.278 0.261 
0.269 0.256 0.284 0.261 0.281 0.255 0.257 0.281 0.281 0.277 0.268 0.268 0.275 0.276 0.276 0.281 0.273 0.265 0.252 0.255 0.276 0.281 0.279 0.270 0.272 
0.268 0.282 0.291 0.255 0.257 0.268 0.249 0.269 0.265 0.267 0.276 0.270 0.272 0.275 0.270 0.255 0.271 0.273 0.271 0.275 0.264 0.259 0.260 0.272 0.277 
0.265 0.264 0.267 0.271 0.267 0.270 0.284 0.274 0.272 0.262 0.260 0.288 0.257 0.271 0.263 0.269 0.269 0.257 0.264 0.272 0.278 0.283 0.293 0.263 0.272 
0.271 0.272 0.268 0.278 0.266 0.277 0.275 0.261 0.265 0.281 0.280 0.279 0.274 0.279 0.277 0.281 0.260 0.257 0.265 0.266 0.283 0.278 0.283 0.270 0.268 
0.278 0.307 0.272 0.247 0.268 0.268 0.264 0.278 0.269 0.271 0.270 0.257 0.284 0.292 0.282 0.265 0.265 0.273 0.263 0.265 0.274 0.266 0.267 0.265 0.270 
0.111 0.279 0.255 0.279 0.289 0.255 0.263 0.268 0.288 0.275 0.271 0.292 0.274 0.288 0.257 0.272 0.272 0.266 0.265 0.259 0.254 0.260 0.265 0.272 0.128 
0.005 0.207 0.283 0.264 0.260 0.271 0.256 0.272 0.265 0.280 0.270 0.268 0.251 0.271 0.269 0.268 0.277 0.288 0.285 0.293 0.282 0.273 0.275 0.223 0.004 
0.000 0.007 0.132 0.276 0.266 0.263 0.269 0.270 0.268 0.274 0.264 0.276 0.272 0.278 0.274 0.267 0.275 0.269 0.275 0.272 0.272 0.264 0.126 0.005 0.000 
